"" 
[2025-07-15 13:52:23] WARNING django.request | Not Found: /media/share/posts/15/
[2025-07-15 13:52:23] WARNING django.server | "POST /media/share/posts/15/ HTTP/1.1" 404 61
[2025-07-15 15:47:10] INFO notification.task | Notifying friend vasista org about new post by Shiva
[2025-07-15 15:50:45] INFO notification.task | Notifying friend vasista org about new post by Shiva
[2025-07-16 18:12:47] WARNING django.request | Unauthorized: /profile/profile/1/
[2025-07-16 18:12:47] WARNING django.request | Unauthorized: /profile/profile/1/
[2025-07-16 18:12:47] WARNING django.server | "GET /profile/profile/1/ HTTP/1.1" 401 51
[2025-07-16 18:12:47] WARNING django.server | "GET /profile/profile/1/ HTTP/1.1" 401 51
[2025-07-16 18:12:50] WARNING django.request | Not Found: /favicon.ico
[2025-07-16 18:12:50] WARNING django.server | "GET /favicon.ico HTTP/1.1" 404 3580
[2025-07-16 18:12:53] WARNING django.request | Unauthorized: /profile/profile/1/
[2025-07-16 18:12:53] WARNING django.request | Unauthorized: /profile/profile/1/
[2025-07-16 18:12:53] WARNING django.server | "GET /profile/profile/1/ HTTP/1.1" 401 51
[2025-07-16 18:12:53] WARNING django.server | "GET /profile/profile/1/ HTTP/1.1" 401 51
[2025-07-16 18:12:59] WARNING django.request | Unauthorized: /profile/profile/1/
[2025-07-16 18:12:59] WARNING django.request | Unauthorized: /profile/profile/1/
[2025-07-16 18:12:59] WARNING django.server | "GET /profile/profile/1/ HTTP/1.1" 401 51
[2025-07-16 18:12:59] WARNING django.server | "GET /profile/profile/1/ HTTP/1.1" 401 51
[2025-07-16 18:13:25] ERROR django.request | Internal Server Error: /profile/profile/1/
[2025-07-16 18:13:25] ERROR django.request | Internal Server Error: /profile/profile/1/
[2025-07-16 18:13:25] ERROR django.server | "GET /profile/profile/1/ HTTP/1.1" 500 78
[2025-07-16 18:13:25] ERROR django.server | "GET /profile/profile/1/ HTTP/1.1" 500 78
[2025-07-16 18:13:41] ERROR django.request | Internal Server Error: /profile/profile/1/
[2025-07-16 18:13:41] ERROR django.request | Internal Server Error: /profile/profile/1/
[2025-07-16 18:13:41] ERROR django.server | "GET /profile/profile/1/ HTTP/1.1" 500 78
[2025-07-16 18:13:41] ERROR django.server | "GET /profile/profile/1/ HTTP/1.1" 500 78
[2025-07-16 18:13:46] ERROR django.request | Internal Server Error: /profile/profile/1/
[2025-07-16 18:13:46] ERROR django.request | Internal Server Error: /profile/profile/1/
[2025-07-16 18:13:46] ERROR django.server | "GET /profile/profile/1/ HTTP/1.1" 500 78
[2025-07-16 18:13:46] ERROR django.server | "GET /profile/profile/1/ HTTP/1.1" 500 78
[2025-07-16 18:13:58] ERROR django.request | Internal Server Error: /admin/profiles/profile/1/change/
Traceback (most recent call last):
  File "C:\Users\amana\AppData\Local\Programs\Python\Python313\Lib\site-packages\django\db\backends\utils.py", line 105, in _execute
    return self.cursor.execute(sql, params)
           ~~~~~~~~~~~~~~~~~~~^^^^^^^^^^^^^
  File "C:\Users\amana\AppData\Local\Programs\Python\Python313\Lib\site-packages\django\db\backends\sqlite3\base.py", line 360, in execute
    return super().execute(query, params)
           ~~~~~~~~~~~~~~~^^^^^^^^^^^^^^^
sqlite3.OperationalError: no such column: profiles_profile.allow_mentions

The above exception was the direct cause of the following exception:

Traceback (most recent call last):
  File "C:\Users\amana\AppData\Local\Programs\Python\Python313\Lib\site-packages\django\core\handlers\exception.py", line 55, in inner
    response = get_response(request)
  File "C:\Users\amana\AppData\Local\Programs\Python\Python313\Lib\site-packages\django\core\handlers\base.py", line 197, in _get_response
    response = wrapped_callback(request, *callback_args, **callback_kwargs)
  File "C:\Users\amana\AppData\Local\Programs\Python\Python313\Lib\site-packages\django\contrib\admin\options.py", line 719, in wrapper
    return self.admin_site.admin_view(view)(*args, **kwargs)
           ~~~~~~~~~~~~~~~~~~~~~~~~~~~~~~~~^^^^^^^^^^^^^^^^^
  File "C:\Users\amana\AppData\Local\Programs\Python\Python313\Lib\site-packages\django\utils\decorators.py", line 192, in _view_wrapper
    result = _process_exception(request, e)
  File "C:\Users\amana\AppData\Local\Programs\Python\Python313\Lib\site-packages\django\utils\decorators.py", line 190, in _view_wrapper
    response = view_func(request, *args, **kwargs)
  File "C:\Users\amana\AppData\Local\Programs\Python\Python313\Lib\site-packages\django\views\decorators\cache.py", line 80, in _view_wrapper
    response = view_func(request, *args, **kwargs)
  File "C:\Users\amana\AppData\Local\Programs\Python\Python313\Lib\site-packages\django\contrib\admin\sites.py", line 246, in inner
    return view(request, *args, **kwargs)
  File "C:\Users\amana\AppData\Local\Programs\Python\Python313\Lib\site-packages\django\contrib\admin\options.py", line 1987, in change_view
    return self.changeform_view(request, object_id, form_url, extra_context)
           ~~~~~~~~~~~~~~~~~~~~^^^^^^^^^^^^^^^^^^^^^^^^^^^^^^^^^^^^^^^^^^^^^
  File "C:\Users\amana\AppData\Local\Programs\Python\Python313\Lib\site-packages\django\utils\decorators.py", line 48, in _wrapper
    return bound_method(*args, **kwargs)
  File "C:\Users\amana\AppData\Local\Programs\Python\Python313\Lib\site-packages\django\utils\decorators.py", line 192, in _view_wrapper
    result = _process_exception(request, e)
  File "C:\Users\amana\AppData\Local\Programs\Python\Python313\Lib\site-packages\django\utils\decorators.py", line 190, in _view_wrapper
    response = view_func(request, *args, **kwargs)
  File "C:\Users\amana\AppData\Local\Programs\Python\Python313\Lib\site-packages\django\contrib\admin\options.py", line 1840, in changeform_view
    return self._changeform_view(request, object_id, form_url, extra_context)
           ~~~~~~~~~~~~~~~~~~~~~^^^^^^^^^^^^^^^^^^^^^^^^^^^^^^^^^^^^^^^^^^^^^
  File "C:\Users\amana\AppData\Local\Programs\Python\Python313\Lib\site-packages\django\contrib\admin\options.py", line 1863, in _changeform_view
    obj = self.get_object(request, unquote(object_id), to_field)
  File "C:\Users\amana\AppData\Local\Programs\Python\Python313\Lib\site-packages\django\contrib\admin\options.py", line 897, in get_object
    return queryset.get(**{field.name: object_id})
           ~~~~~~~~~~~~^^^^^^^^^^^^^^^^^^^^^^^^^^^
  File "C:\Users\amana\AppData\Local\Programs\Python\Python313\Lib\site-packages\django\db\models\query.py", line 629, in get
    num = len(clone)
  File "C:\Users\amana\AppData\Local\Programs\Python\Python313\Lib\site-packages\django\db\models\query.py", line 366, in __len__
    self._fetch_all()
    ~~~~~~~~~~~~~~~^^
  File "C:\Users\amana\AppData\Local\Programs\Python\Python313\Lib\site-packages\django\db\models\query.py", line 1945, in _fetch_all
    self._result_cache = list(self._iterable_class(self))
                         ~~~~^^^^^^^^^^^^^^^^^^^^^^^^^^^^
  File "C:\Users\amana\AppData\Local\Programs\Python\Python313\Lib\site-packages\django\db\models\query.py", line 91, in __iter__
    results = compiler.execute_sql(
        chunked_fetch=self.chunked_fetch, chunk_size=self.chunk_size
    )
  File "C:\Users\amana\AppData\Local\Programs\Python\Python313\Lib\site-packages\django\db\models\sql\compiler.py", line 1623, in execute_sql
    cursor.execute(sql, params)
    ~~~~~~~~~~~~~~^^^^^^^^^^^^^
  File "C:\Users\amana\AppData\Local\Programs\Python\Python313\Lib\site-packages\django\db\backends\utils.py", line 122, in execute
    return super().execute(sql, params)
           ~~~~~~~~~~~~~~~^^^^^^^^^^^^^
  File "C:\Users\amana\AppData\Local\Programs\Python\Python313\Lib\site-packages\django\db\backends\utils.py", line 79, in execute
    return self._execute_with_wrappers(
           ~~~~~~~~~~~~~~~~~~~~~~~~~~~^
        sql, params, many=False, executor=self._execute
        ^^^^^^^^^^^^^^^^^^^^^^^^^^^^^^^^^^^^^^^^^^^^^^^
    )
    ^
  File "C:\Users\amana\AppData\Local\Programs\Python\Python313\Lib\site-packages\django\db\backends\utils.py", line 92, in _execute_with_wrappers
    return executor(sql, params, many, context)
  File "C:\Users\amana\AppData\Local\Programs\Python\Python313\Lib\site-packages\django\db\backends\utils.py", line 100, in _execute
    with self.db.wrap_database_errors:
         ^^^^^^^^^^^^^^^^^^^^^^^^^^^^
  File "C:\Users\amana\AppData\Local\Programs\Python\Python313\Lib\site-packages\django\db\utils.py", line 91, in __exit__
    raise dj_exc_value.with_traceback(traceback) from exc_value
  File "C:\Users\amana\AppData\Local\Programs\Python\Python313\Lib\site-packages\django\db\backends\utils.py", line 105, in _execute
    return self.cursor.execute(sql, params)
           ~~~~~~~~~~~~~~~~~~~^^^^^^^^^^^^^
  File "C:\Users\amana\AppData\Local\Programs\Python\Python313\Lib\site-packages\django\db\backends\sqlite3\base.py", line 360, in execute
    return super().execute(query, params)
           ~~~~~~~~~~~~~~~^^^^^^^^^^^^^^^
django.db.utils.OperationalError: no such column: profiles_profile.allow_mentions
[2025-07-16 18:13:58] ERROR django.server | "GET /admin/profiles/profile/1/change/ HTTP/1.1" 500 214013
[2025-07-16 18:14:00] WARNING django.request | Not Found: /favicon.ico
[2025-07-16 18:14:00] WARNING django.server | "GET /favicon.ico HTTP/1.1" 404 3580
[2025-07-16 18:14:14] ERROR django.request | Internal Server Error: /admin/profiles/profile/
Traceback (most recent call last):
  File "C:\Users\amana\AppData\Local\Programs\Python\Python313\Lib\site-packages\django\db\backends\utils.py", line 105, in _execute
    return self.cursor.execute(sql, params)
           ~~~~~~~~~~~~~~~~~~~^^^^^^^^^^^^^
  File "C:\Users\amana\AppData\Local\Programs\Python\Python313\Lib\site-packages\django\db\backends\sqlite3\base.py", line 360, in execute
    return super().execute(query, params)
           ~~~~~~~~~~~~~~~^^^^^^^^^^^^^^^
sqlite3.OperationalError: no such column: profiles_profile.allow_mentions

The above exception was the direct cause of the following exception:

Traceback (most recent call last):
  File "C:\Users\amana\AppData\Local\Programs\Python\Python313\Lib\site-packages\django\core\handlers\exception.py", line 55, in inner
    response = get_response(request)
  File "C:\Users\amana\AppData\Local\Programs\Python\Python313\Lib\site-packages\django\core\handlers\base.py", line 197, in _get_response
    response = wrapped_callback(request, *callback_args, **callback_kwargs)
  File "C:\Users\amana\AppData\Local\Programs\Python\Python313\Lib\site-packages\django\contrib\admin\options.py", line 719, in wrapper
    return self.admin_site.admin_view(view)(*args, **kwargs)
           ~~~~~~~~~~~~~~~~~~~~~~~~~~~~~~~~^^^^^^^^^^^^^^^^^
  File "C:\Users\amana\AppData\Local\Programs\Python\Python313\Lib\site-packages\django\utils\decorators.py", line 192, in _view_wrapper
    result = _process_exception(request, e)
  File "C:\Users\amana\AppData\Local\Programs\Python\Python313\Lib\site-packages\django\utils\decorators.py", line 190, in _view_wrapper
    response = view_func(request, *args, **kwargs)
  File "C:\Users\amana\AppData\Local\Programs\Python\Python313\Lib\site-packages\django\views\decorators\cache.py", line 80, in _view_wrapper
    response = view_func(request, *args, **kwargs)
  File "C:\Users\amana\AppData\Local\Programs\Python\Python313\Lib\site-packages\django\contrib\admin\sites.py", line 246, in inner
    return view(request, *args, **kwargs)
  File "C:\Users\amana\AppData\Local\Programs\Python\Python313\Lib\site-packages\django\utils\decorators.py", line 48, in _wrapper
    return bound_method(*args, **kwargs)
  File "C:\Users\amana\AppData\Local\Programs\Python\Python313\Lib\site-packages\django\utils\decorators.py", line 192, in _view_wrapper
    result = _process_exception(request, e)
  File "C:\Users\amana\AppData\Local\Programs\Python\Python313\Lib\site-packages\django\utils\decorators.py", line 190, in _view_wrapper
    response = view_func(request, *args, **kwargs)
  File "C:\Users\amana\AppData\Local\Programs\Python\Python313\Lib\site-packages\django\contrib\admin\options.py", line 2163, in changelist_view
    "selection_note": _("0 of %(cnt)s selected") % {"cnt": len(cl.result_list)},
                                                           ~~~^^^^^^^^^^^^^^^^
  File "C:\Users\amana\AppData\Local\Programs\Python\Python313\Lib\site-packages\django\db\models\query.py", line 366, in __len__
    self._fetch_all()
    ~~~~~~~~~~~~~~~^^
  File "C:\Users\amana\AppData\Local\Programs\Python\Python313\Lib\site-packages\django\db\models\query.py", line 1945, in _fetch_all
    self._result_cache = list(self._iterable_class(self))
                         ~~~~^^^^^^^^^^^^^^^^^^^^^^^^^^^^
  File "C:\Users\amana\AppData\Local\Programs\Python\Python313\Lib\site-packages\django\db\models\query.py", line 91, in __iter__
    results = compiler.execute_sql(
        chunked_fetch=self.chunked_fetch, chunk_size=self.chunk_size
    )
  File "C:\Users\amana\AppData\Local\Programs\Python\Python313\Lib\site-packages\django\db\models\sql\compiler.py", line 1623, in execute_sql
    cursor.execute(sql, params)
    ~~~~~~~~~~~~~~^^^^^^^^^^^^^
  File "C:\Users\amana\AppData\Local\Programs\Python\Python313\Lib\site-packages\django\db\backends\utils.py", line 122, in execute
    return super().execute(sql, params)
           ~~~~~~~~~~~~~~~^^^^^^^^^^^^^
  File "C:\Users\amana\AppData\Local\Programs\Python\Python313\Lib\site-packages\django\db\backends\utils.py", line 79, in execute
    return self._execute_with_wrappers(
           ~~~~~~~~~~~~~~~~~~~~~~~~~~~^
        sql, params, many=False, executor=self._execute
        ^^^^^^^^^^^^^^^^^^^^^^^^^^^^^^^^^^^^^^^^^^^^^^^
    )
    ^
  File "C:\Users\amana\AppData\Local\Programs\Python\Python313\Lib\site-packages\django\db\backends\utils.py", line 92, in _execute_with_wrappers
    return executor(sql, params, many, context)
  File "C:\Users\amana\AppData\Local\Programs\Python\Python313\Lib\site-packages\django\db\backends\utils.py", line 100, in _execute
    with self.db.wrap_database_errors:
         ^^^^^^^^^^^^^^^^^^^^^^^^^^^^
  File "C:\Users\amana\AppData\Local\Programs\Python\Python313\Lib\site-packages\django\db\utils.py", line 91, in __exit__
    raise dj_exc_value.with_traceback(traceback) from exc_value
  File "C:\Users\amana\AppData\Local\Programs\Python\Python313\Lib\site-packages\django\db\backends\utils.py", line 105, in _execute
    return self.cursor.execute(sql, params)
           ~~~~~~~~~~~~~~~~~~~^^^^^^^^^^^^^
  File "C:\Users\amana\AppData\Local\Programs\Python\Python313\Lib\site-packages\django\db\backends\sqlite3\base.py", line 360, in execute
    return super().execute(query, params)
           ~~~~~~~~~~~~~~~^^^^^^^^^^^^^^^
django.db.utils.OperationalError: no such column: profiles_profile.allow_mentions
[2025-07-16 18:14:14] ERROR django.server | "GET /admin/profiles/profile/ HTTP/1.1" 500 196050
[2025-07-16 18:21:20] WARNING django.request | Unauthorized: /profile/profile/1/
[2025-07-16 18:21:20] WARNING django.server | "GET /profile/profile/1/ HTTP/1.1" 401 9874
[2025-07-16 18:21:39] WARNING django.request | Unauthorized: /profile/profile/1/
[2025-07-16 18:21:39] WARNING django.server | "GET /profile/profile/1/ HTTP/1.1" 401 9874
[2025-07-16 18:22:46] WARNING django.request | Unauthorized: /profile/profile/1/
[2025-07-16 18:22:46] WARNING django.server | "GET /profile/profile/1/ HTTP/1.1" 401 9874
[2025-07-16 18:22:50] WARNING django.request | Not Found: /
[2025-07-16 18:22:50] WARNING django.server | "GET / HTTP/1.1" 404 3529
[2025-07-16 18:27:16] WARNING django.request | Not Found: /favicon.ico
[2025-07-16 18:27:17] WARNING django.server | "GET /favicon.ico HTTP/1.1" 404 3580
[2025-07-17 10:18:27] WARNING django.request | Bad Request: /organization/send-forgot-otp/
[2025-07-17 10:18:27] WARNING django.server | "POST /organization/send-forgot-otp/ HTTP/1.1" 400 64
[2025-07-17 10:18:55] WARNING django.request | Bad Request: /organization/send-forgot-otp/
[2025-07-17 10:18:55] WARNING django.server | "POST /organization/send-forgot-otp/ HTTP/1.1" 400 64
[2025-07-17 10:18:56] WARNING django.request | Bad Request: /organization/send-forgot-otp/
[2025-07-17 10:18:56] WARNING django.server | "POST /organization/send-forgot-otp/ HTTP/1.1" 400 64
[2025-07-17 10:19:04] WARNING django.request | Bad Request: /organization/send-forgot-otp/
[2025-07-17 10:19:04] WARNING django.server | "POST /organization/send-forgot-otp/ HTTP/1.1" 400 64
[2025-07-17 10:19:26] WARNING django.request | Bad Request: /organization/send-forgot-otp/
[2025-07-17 10:19:26] WARNING django.server | "POST /organization/send-forgot-otp/ HTTP/1.1" 400 64
[2025-07-17 10:26:25] ERROR django.request | Internal Server Error: /user/registration
Traceback (most recent call last):
  File "C:\Users\amana\AppData\Local\Programs\Python\Python313\Lib\site-packages\django\core\handlers\exception.py", line 55, in inner
    response = get_response(request)
  File "C:\Users\amana\AppData\Local\Programs\Python\Python313\Lib\site-packages\django\utils\deprecation.py", line 122, in __call__
    response = self.process_response(request, response)
  File "C:\Users\amana\AppData\Local\Programs\Python\Python313\Lib\site-packages\django\middleware\common.py", line 108, in process_response
    return self.response_redirect_class(self.get_full_path_with_slash(request))
                                        ~~~~~~~~~~~~~~~~~~~~~~~~~~~~~^^^^^^^^^
  File "C:\Users\amana\AppData\Local\Programs\Python\Python313\Lib\site-packages\django\middleware\common.py", line 87, in get_full_path_with_slash
    raise RuntimeError(
    ...<9 lines>...
    )
RuntimeError: You called this URL via POST, but the URL doesn't end in a slash and you have APPEND_SLASH set. Django can't redirect to the slash URL while maintaining POST data. Change your form to point to 127.0.0.1:8000/user/registration/ (note the trailing slash), or set APPEND_SLASH=False in your Django settings.
[2025-07-17 10:26:25] ERROR django.server | "POST /user/registration HTTP/1.1" 500 78430
[2025-07-17 10:27:39] ERROR django.request | Internal Server Error: /user/registration/
[2025-07-17 10:27:39] ERROR django.server | "POST /user/registration/ HTTP/1.1" 500 148
[2025-07-17 10:28:23] WARNING django.request | Bad Request: /user/registration/
[2025-07-17 10:28:23] WARNING django.server | "POST /user/registration/ HTTP/1.1" 400 84
[2025-07-17 12:04:36] WARNING django.request | Forbidden: /profile/inspired-profiles/2/
[2025-07-17 12:04:36] WARNING django.server | "GET /profile/inspired-profiles/2/ HTTP/1.1" 403 47
[2025-07-17 12:04:36] WARNING django.request | Forbidden: /profile/inspired-profiles/2/
[2025-07-17 12:04:36] WARNING django.server | "GET /profile/inspired-profiles/2/ HTTP/1.1" 403 47
[2025-07-18 10:22:43] WARNING django.request | Bad Request: /media/profile-trending-posts/profile-id/null/
[2025-07-18 10:22:44] WARNING django.request | Not Found: /profile/profile-detail/2/
[2025-07-18 10:22:44] WARNING django.server | "GET /media/profile-trending-posts/profile-id/null/ HTTP/1.1" 400 73
[2025-07-18 10:22:44] WARNING django.server | "GET /profile/profile-detail/2/ HTTP/1.1" 404 64
[2025-07-18 10:22:44] WARNING django.request | Bad Request: /media/profile-trending-posts/profile-id/null/
[2025-07-18 10:22:44] WARNING django.request | Not Found: /profile/profile-detail/2/
[2025-07-18 10:22:44] WARNING django.server | "GET /media/profile-trending-posts/profile-id/null/ HTTP/1.1" 400 73
[2025-07-18 10:22:44] WARNING django.server | "GET /profile/profile-detail/2/ HTTP/1.1" 404 64
[2025-07-18 10:23:12] WARNING django.request | Bad Request: /media/profile-trending-posts/profile-id/null/
[2025-07-18 10:23:12] WARNING django.request | Not Found: /profile/profile-detail/raj/
[2025-07-18 10:23:12] WARNING django.request | Not Found: /profile/profile-detail/raj/
[2025-07-18 10:23:12] WARNING django.server | "GET /media/profile-trending-posts/profile-id/null/ HTTP/1.1" 400 73
[2025-07-18 10:23:12] WARNING django.server | "GET /profile/profile-detail/raj/ HTTP/1.1" 404 64
[2025-07-18 10:23:12] WARNING django.server | "GET /profile/profile-detail/raj/ HTTP/1.1" 404 64
[2025-07-18 10:23:12] WARNING django.request | Bad Request: /media/profile-trending-posts/profile-id/null/
[2025-07-18 10:23:12] WARNING django.server | "GET /media/profile-trending-posts/profile-id/null/ HTTP/1.1" 400 73
[2025-07-18 10:23:12] WARNING django.request | Not Found: /profile/profile-view/raj/
[2025-07-18 10:23:12] WARNING django.request | Not Found: /profile/profile-view/raj/
[2025-07-18 10:23:12] WARNING django.server | "POST /profile/profile-view/raj/ HTTP/1.1" 404 11966
[2025-07-18 10:23:12] WARNING django.server | "POST /profile/profile-view/raj/ HTTP/1.1" 404 11966
[2025-07-18 10:25:42] WARNING django.request | Not Found: /profile/profile-view/raj/
[2025-07-18 10:25:42] WARNING django.request | Not Found: /profile/profile-view/raj/
[2025-07-18 10:25:42] WARNING django.server | "POST /profile/profile-view/raj/ HTTP/1.1" 404 11966
[2025-07-18 10:25:42] WARNING django.request | Bad Request: /media/profile-trending-posts/profile-id/null/
[2025-07-18 10:25:42] WARNING django.server | "POST /profile/profile-view/raj/ HTTP/1.1" 404 11966
[2025-07-18 10:25:42] WARNING django.request | Not Found: /profile/profile-detail/raj/
[2025-07-18 10:25:42] WARNING django.server | "GET /media/profile-trending-posts/profile-id/null/ HTTP/1.1" 400 73
[2025-07-18 10:25:42] WARNING django.server | "GET /profile/profile-detail/raj/ HTTP/1.1" 404 64
[2025-07-18 10:25:42] WARNING django.request | Not Found: /profile/profile-detail/raj/
[2025-07-18 10:25:42] WARNING django.server | "GET /profile/profile-detail/raj/ HTTP/1.1" 404 64
[2025-07-18 10:25:42] WARNING django.request | Bad Request: /media/profile-trending-posts/profile-id/null/
[2025-07-18 10:25:42] WARNING django.server | "GET /media/profile-trending-posts/profile-id/null/ HTTP/1.1" 400 73
[2025-07-18 10:26:05] WARNING django.request | Not Found: /profile/profile-view/Raj/
[2025-07-18 10:26:05] WARNING django.server | "POST /profile/profile-view/Raj/ HTTP/1.1" 404 11966
[2025-07-18 10:26:05] WARNING django.request | Not Found: /profile/profile-view/Raj/
[2025-07-18 10:26:05] WARNING django.server | "POST /profile/profile-view/Raj/ HTTP/1.1" 404 11966
[2025-07-18 10:26:05] WARNING django.request | Bad Request: /media/profile-trending-posts/profile-id/null/
[2025-07-18 10:26:05] WARNING django.server | "GET /media/profile-trending-posts/profile-id/null/ HTTP/1.1" 400 73
[2025-07-18 10:26:05] WARNING django.request | Not Found: /profile/profile-detail/Raj/
[2025-07-18 10:26:05] WARNING django.request | Not Found: /profile/profile-detail/Raj/
[2025-07-18 10:26:05] WARNING django.request | Bad Request: /media/profile-trending-posts/profile-id/null/
[2025-07-18 10:26:05] WARNING django.server | "GET /profile/profile-detail/Raj/ HTTP/1.1" 404 64
[2025-07-18 10:26:05] WARNING django.server | "GET /profile/profile-detail/Raj/ HTTP/1.1" 404 64
[2025-07-18 10:26:05] WARNING django.server | "GET /media/profile-trending-posts/profile-id/null/ HTTP/1.1" 400 73
[2025-07-18 10:36:55] WARNING django.request | Not Found: /profile/profile-view/Raj/
[2025-07-18 10:36:55] WARNING django.request | Not Found: /profile/profile-view/Raj/
[2025-07-18 10:36:55] WARNING django.server | "POST /profile/profile-view/Raj/ HTTP/1.1" 404 11966
[2025-07-18 10:36:55] WARNING django.server | "POST /profile/profile-view/Raj/ HTTP/1.1" 404 11966
[2025-07-18 10:36:55] WARNING django.request | Bad Request: /media/profile-trending-posts/profile-id/null/
[2025-07-18 10:36:55] WARNING django.request | Bad Request: /media/profile-trending-posts/profile-id/null/
[2025-07-18 10:36:55] WARNING django.request | Not Found: /profile/profile-detail/Raj/
[2025-07-18 10:36:55] WARNING django.request | Not Found: /profile/profile-detail/Raj/
[2025-07-18 10:36:55] WARNING django.server | "GET /media/profile-trending-posts/profile-id/null/ HTTP/1.1" 400 73
[2025-07-18 10:36:55] WARNING django.server | "GET /media/profile-trending-posts/profile-id/null/ HTTP/1.1" 400 73
[2025-07-18 10:36:55] WARNING django.server | "GET /profile/profile-detail/Raj/ HTTP/1.1" 404 64
[2025-07-18 10:36:55] WARNING django.server | "GET /profile/profile-detail/Raj/ HTTP/1.1" 404 64
[2025-07-18 10:37:11] WARNING django.request | Not Found: /profile/profile-view/Raj/
[2025-07-18 10:37:11] WARNING django.request | Not Found: /profile/profile-view/Raj/
[2025-07-18 10:37:11] WARNING django.server | "POST /profile/profile-view/Raj/ HTTP/1.1" 404 11966
[2025-07-18 10:37:11] WARNING django.server | "POST /profile/profile-view/Raj/ HTTP/1.1" 404 11966
[2025-07-18 10:37:11] WARNING django.request | Bad Request: /media/profile-trending-posts/profile-id/null/
[2025-07-18 10:37:11] WARNING django.request | Not Found: /profile/profile-detail/Raj/
[2025-07-18 10:37:11] WARNING django.request | Not Found: /profile/profile-detail/Raj/
[2025-07-18 10:37:11] WARNING django.request | Bad Request: /media/profile-trending-posts/profile-id/null/
[2025-07-18 10:37:11] WARNING django.server | "GET /media/profile-trending-posts/profile-id/null/ HTTP/1.1" 400 73
[2025-07-18 10:37:11] WARNING django.server | "GET /profile/profile-detail/Raj/ HTTP/1.1" 404 64
[2025-07-18 10:37:11] WARNING django.server | "GET /profile/profile-detail/Raj/ HTTP/1.1" 404 64
[2025-07-18 10:37:11] WARNING django.server | "GET /media/profile-trending-posts/profile-id/null/ HTTP/1.1" 400 73
[2025-07-18 10:37:30] WARNING django.request | Bad Request: /profile/profile/null/
[2025-07-18 10:37:30] WARNING django.server | "GET /profile/profile/null/ HTTP/1.1" 400 73
[2025-07-18 10:37:30] ERROR django.request | Internal Server Error: /media/all-posts/
[2025-07-18 10:37:30] ERROR django.server | "GET /media/all-posts/ HTTP/1.1" 500 106
[2025-07-18 10:37:30] ERROR django.request | Internal Server Error: /media/all-posts/
[2025-07-18 10:37:30] ERROR django.server | "GET /media/all-posts/ HTTP/1.1" 500 106
[2025-07-18 11:11:44] WARNING django.request | Not Found: /favicon.ico
[2025-07-18 11:11:44] WARNING django.server | "GET /favicon.ico HTTP/1.1" 404 3580
[2025-07-18 11:13:23] WARNING django.request | Not Found: /favicon.ico
[2025-07-18 11:13:23] WARNING django.server | "GET /favicon.ico HTTP/1.1" 404 3580
[2025-07-18 16:16:09] WARNING django.request | Not Found: /favicon.ico
[2025-07-18 16:16:09] WARNING django.server | "GET /favicon.ico HTTP/1.1" 404 3580
[2025-07-18 17:48:33] WARNING django.request | Not Found: /favicon.ico
[2025-07-18 17:48:33] WARNING django.server | "GET /favicon.ico HTTP/1.1" 404 3580
[2025-07-18 17:49:42] WARNING django.request | Not Found: /
[2025-07-18 17:49:42] WARNING django.server | "GET / HTTP/1.1" 404 3529
[2025-07-18 17:52:30] WARNING django.request | Not Found: /media/posts/hashtags/hashtags/
[2025-07-18 17:52:30] WARNING django.request | Not Found: /media/posts/hashtags/hashtags/
[2025-07-18 17:52:31] WARNING django.server | "GET /media/posts/hashtags/hashtags/ HTTP/1.1" 404 64
[2025-07-18 17:52:31] WARNING django.server | "GET /media/posts/hashtags/hashtags/ HTTP/1.1" 404 64
[2025-07-18 18:10:12] ERROR django.request | Internal Server Error: /media/posts/hashtags/gta5/
[2025-07-18 18:10:12] ERROR django.server | "GET /media/posts/hashtags/gta5/?page=2 HTTP/1.1" 500 138
[2025-07-18 18:13:27] ERROR django.request | Internal Server Error: /media/posts/hashtags/gta5/
[2025-07-18 18:13:27] ERROR django.server | "GET /media/posts/hashtags/gta5/?page=2 HTTP/1.1" 500 138
[2025-07-18 18:16:30] ERROR django.request | Internal Server Error: /media/posts/hashtags/gta5/
[2025-07-18 18:16:30] ERROR django.server | "GET /media/posts/hashtags/gta5/?page=2 HTTP/1.1" 500 138
[2025-07-18 18:20:36] ERROR django.request | Internal Server Error: /media/posts/hashtags/gta5/
[2025-07-18 18:20:36] ERROR django.server | "GET /media/posts/hashtags/gta5/?page=2 HTTP/1.1" 500 138
[2025-07-18 18:22:08] ERROR django.request | Internal Server Error: /media/posts/hashtags/gta5/
[2025-07-18 18:22:08] ERROR django.server | "GET /media/posts/hashtags/gta5/?page=2 HTTP/1.1" 500 138
[2025-07-18 18:23:10] ERROR django.request | Internal Server Error: /media/posts/hashtags/gta5/
[2025-07-18 18:23:10] ERROR django.server | "GET /media/posts/hashtags/gta5/?page=2 HTTP/1.1" 500 138
[2025-07-18 18:26:08] ERROR django.request | Internal Server Error: /media/posts/hashtags/gta5/
[2025-07-18 18:26:08] ERROR django.server | "GET /media/posts/hashtags/gta5/?page=2 HTTP/1.1" 500 138
[2025-07-18 18:28:46] ERROR django.request | Internal Server Error: /media/posts/hashtags/gta5/
[2025-07-18 18:28:46] ERROR django.server | "GET //media/posts/hashtags/gta5/ HTTP/1.1" 500 138
[2025-07-18 18:36:17] ERROR django.request | Internal Server Error: /media/posts/hashtags/gta5/
[2025-07-18 18:36:17] ERROR django.server | "GET //media/posts/hashtags/gta5/ HTTP/1.1" 500 138
[2025-07-18 18:36:30] WARNING django.request | Unauthorized: /media/posts/hashtags/gta5/
[2025-07-18 18:36:30] WARNING django.server | "GET //media/posts/hashtags/gta5/ HTTP/1.1" 401 172
[2025-07-18 18:36:54] ERROR django.request | Internal Server Error: /media/posts/hashtags/gta5/
[2025-07-18 18:36:54] ERROR django.server | "GET /media/posts/hashtags/gta5/?page=2 HTTP/1.1" 500 10400
[2025-07-18 18:37:52] ERROR django.request | Internal Server Error: /media/posts/hashtags/gta5/
[2025-07-18 18:37:52] ERROR django.server | "GET /media/posts/hashtags/gta5/?page=2 HTTP/1.1" 500 138
[2025-07-19 10:43:52] WARNING django.request | Bad Request: /media/profile-trending-posts/profile-id/null/
[2025-07-19 10:43:52] WARNING django.request | Not Found: /profile/profile-detail/Raj/
[2025-07-19 10:43:52] WARNING django.request | Not Found: /profile/profile-view/Raj/
[2025-07-19 10:43:52] WARNING django.request | Not Found: /profile/profile-view/Raj/
[2025-07-19 10:43:52] WARNING django.server | "GET /media/profile-trending-posts/profile-id/null/ HTTP/1.1" 400 73
[2025-07-19 10:43:52] WARNING django.server | "GET /profile/profile-detail/Raj/ HTTP/1.1" 404 64
[2025-07-19 10:43:52] WARNING django.server | "POST /profile/profile-view/Raj/ HTTP/1.1" 404 12264
[2025-07-19 10:43:52] WARNING django.server | "POST /profile/profile-view/Raj/ HTTP/1.1" 404 12264
[2025-07-19 10:43:52] WARNING django.request | Bad Request: /media/profile-trending-posts/profile-id/null/
[2025-07-19 10:43:52] WARNING django.server | "GET /media/profile-trending-posts/profile-id/null/ HTTP/1.1" 400 73
[2025-07-19 10:43:52] WARNING django.request | Not Found: /profile/profile-detail/Raj/
[2025-07-19 10:43:52] WARNING django.server | "GET /profile/profile-detail/Raj/ HTTP/1.1" 404 64
[2025-07-19 10:44:06] WARNING django.request | Not Found: /profile/profile-view/Raj/
[2025-07-19 10:44:06] WARNING django.server | "POST /profile/profile-view/Raj/ HTTP/1.1" 404 12264
[2025-07-19 10:44:06] WARNING django.request | Not Found: /profile/profile-view/Raj/
[2025-07-19 10:44:06] WARNING django.server | "POST /profile/profile-view/Raj/ HTTP/1.1" 404 12264
[2025-07-19 10:44:06] WARNING django.request | Bad Request: /media/profile-trending-posts/profile-id/null/
[2025-07-19 10:44:06] WARNING django.request | Bad Request: /media/profile-trending-posts/profile-id/null/
[2025-07-19 10:44:06] WARNING django.server | "GET /media/profile-trending-posts/profile-id/null/ HTTP/1.1" 400 73
[2025-07-19 10:44:06] WARNING django.request | Not Found: /profile/profile-detail/Raj/
[2025-07-19 10:44:06] WARNING django.server | "GET /profile/profile-detail/Raj/ HTTP/1.1" 404 64
[2025-07-19 10:44:06] WARNING django.server | "GET /media/profile-trending-posts/profile-id/null/ HTTP/1.1" 400 73
[2025-07-19 10:44:06] WARNING django.request | Not Found: /profile/profile-detail/Raj/
[2025-07-19 10:44:06] WARNING django.server | "GET /profile/profile-detail/Raj/ HTTP/1.1" 404 64
[2025-07-19 10:45:20] WARNING django.request | Not Found: /profile/profile-view/Raj/
[2025-07-19 10:45:20] WARNING django.server | "POST /profile/profile-view/Raj/ HTTP/1.1" 404 12264
[2025-07-19 10:45:20] WARNING django.request | Not Found: /profile/profile-view/Raj/
[2025-07-19 10:45:20] WARNING django.request | Not Found: /profile/profile-detail/Raj/
[2025-07-19 10:45:20] WARNING django.server | "POST /profile/profile-view/Raj/ HTTP/1.1" 404 12264
[2025-07-19 10:45:20] WARNING django.request | Bad Request: /media/profile-trending-posts/profile-id/null/
[2025-07-19 10:45:20] WARNING django.server | "GET /profile/profile-detail/Raj/ HTTP/1.1" 404 64
[2025-07-19 10:45:20] WARNING django.server | "GET /media/profile-trending-posts/profile-id/null/ HTTP/1.1" 400 73
[2025-07-19 10:45:20] WARNING django.request | Bad Request: /media/profile-trending-posts/profile-id/null/
[2025-07-19 10:45:20] WARNING django.request | Not Found: /profile/profile-detail/Raj/
[2025-07-19 10:45:20] WARNING django.server | "GET /media/profile-trending-posts/profile-id/null/ HTTP/1.1" 400 73
[2025-07-19 10:45:20] WARNING django.server | "GET /profile/profile-detail/Raj/ HTTP/1.1" 404 64
[2025-07-19 11:59:26] WARNING django.request | Not Found: /favicon.ico
[2025-07-19 11:59:26] WARNING django.server | "GET /favicon.ico HTTP/1.1" 404 3580
[2025-07-19 11:59:51] WARNING django.request | Not Found: /profile/profile-view/Raj/
[2025-07-19 11:59:51] WARNING django.server | "POST /profile/profile-view/Raj/ HTTP/1.1" 404 12264
[2025-07-19 11:59:52] WARNING django.request | Not Found: /profile/profile-view/Raj/
[2025-07-19 11:59:52] WARNING django.server | "POST /profile/profile-view/Raj/ HTTP/1.1" 404 12264
[2025-07-19 11:59:52] WARNING django.request | Not Found: /profile/profile-detail/Raj/
[2025-07-19 11:59:52] WARNING django.request | Bad Request: /media/profile-trending-posts/profile-id/null/
[2025-07-19 11:59:52] WARNING django.server | "GET /profile/profile-detail/Raj/ HTTP/1.1" 404 64
[2025-07-19 11:59:52] WARNING django.server | "GET /media/profile-trending-posts/profile-id/null/ HTTP/1.1" 400 73
[2025-07-19 11:59:52] WARNING django.request | Not Found: /profile/profile-detail/Raj/
[2025-07-19 11:59:52] WARNING django.server | "GET /profile/profile-detail/Raj/ HTTP/1.1" 404 64
[2025-07-19 11:59:52] WARNING django.request | Bad Request: /media/profile-trending-posts/profile-id/null/
[2025-07-19 11:59:52] WARNING django.server | "GET /media/profile-trending-posts/profile-id/null/ HTTP/1.1" 400 73
[2025-07-19 12:00:13] WARNING django.request | Not Found: /profile/profile-view/Raj/
[2025-07-19 12:00:13] WARNING django.server | "POST /profile/profile-view/Raj/ HTTP/1.1" 404 12264
[2025-07-19 12:00:13] WARNING django.request | Not Found: /profile/profile-view/Raj/
[2025-07-19 12:00:13] WARNING django.request | Bad Request: /media/profile-trending-posts/profile-id/null/
[2025-07-19 12:00:13] WARNING django.server | "POST /profile/profile-view/Raj/ HTTP/1.1" 404 12264
[2025-07-19 12:00:13] WARNING django.server | "GET /media/profile-trending-posts/profile-id/null/ HTTP/1.1" 400 73
[2025-07-19 12:00:13] WARNING django.request | Not Found: /profile/profile-detail/Raj/
[2025-07-19 12:00:13] WARNING django.server | "GET /profile/profile-detail/Raj/ HTTP/1.1" 404 64
[2025-07-19 12:00:13] WARNING django.request | Bad Request: /media/profile-trending-posts/profile-id/null/
[2025-07-19 12:00:13] WARNING django.server | "GET /media/profile-trending-posts/profile-id/null/ HTTP/1.1" 400 73
[2025-07-19 12:00:13] WARNING django.request | Not Found: /profile/profile-detail/Raj/
[2025-07-19 12:00:13] WARNING django.server | "GET /profile/profile-detail/Raj/ HTTP/1.1" 404 64
[2025-07-19 12:01:18] WARNING django.request | Not Found: /profile/profile-view/Raj/
[2025-07-19 12:01:18] WARNING django.server | "POST /profile/profile-view/Raj/ HTTP/1.1" 404 12264
[2025-07-19 12:01:18] WARNING django.request | Bad Request: /media/profile-trending-posts/profile-id/null/
[2025-07-19 12:01:18] WARNING django.server | "GET /media/profile-trending-posts/profile-id/null/ HTTP/1.1" 400 73
[2025-07-19 12:01:18] WARNING django.request | Not Found: /profile/profile-detail/Raj/
[2025-07-19 12:01:18] WARNING django.request | Not Found: /profile/profile-detail/Raj/
[2025-07-19 12:01:18] WARNING django.server | "GET /profile/profile-detail/Raj/ HTTP/1.1" 404 64
[2025-07-19 12:01:18] WARNING django.server | "GET /profile/profile-detail/Raj/ HTTP/1.1" 404 64
[2025-07-19 12:01:18] WARNING django.request | Not Found: /profile/profile-view/Raj/
[2025-07-19 12:01:18] WARNING django.server | "POST /profile/profile-view/Raj/ HTTP/1.1" 404 12264
[2025-07-19 12:01:18] WARNING django.request | Bad Request: /media/profile-trending-posts/profile-id/null/
[2025-07-19 12:01:18] WARNING django.server | "GET /media/profile-trending-posts/profile-id/null/ HTTP/1.1" 400 73
[2025-07-19 12:07:43] WARNING django.request | Not Found: /favicon.ico
[2025-07-19 12:07:44] WARNING django.server | "GET /favicon.ico HTTP/1.1" 404 3580
[2025-07-19 12:10:32] ERROR django.request | Internal Server Error: /media/all-posts/
[2025-07-19 12:10:32] ERROR django.server | "GET /media/all-posts/?page=5 HTTP/1.1" 500 25
[2025-07-19 12:10:33] ERROR django.request | Internal Server Error: /media/all-posts/
[2025-07-19 12:10:33] ERROR django.server | "GET /media/all-posts/?page=5 HTTP/1.1" 500 25
[2025-07-19 12:10:33] ERROR django.request | Internal Server Error: /media/all-posts/
[2025-07-19 12:10:33] ERROR django.server | "GET /media/all-posts/?page=5 HTTP/1.1" 500 25
[2025-07-19 12:10:34] ERROR django.request | Internal Server Error: /media/all-posts/
[2025-07-19 12:10:34] ERROR django.server | "GET /media/all-posts/?page=5 HTTP/1.1" 500 25
[2025-07-19 12:10:34] ERROR django.request | Internal Server Error: /media/all-posts/
[2025-07-19 12:10:34] ERROR django.server | "GET /media/all-posts/?page=5 HTTP/1.1" 500 25
[2025-07-19 12:10:35] ERROR django.request | Internal Server Error: /media/all-posts/
[2025-07-19 12:10:35] ERROR django.server | "GET /media/all-posts/?page=5 HTTP/1.1" 500 25
[2025-07-19 12:10:35] ERROR django.request | Internal Server Error: /media/all-posts/
[2025-07-19 12:10:35] ERROR django.server | "GET /media/all-posts/?page=5 HTTP/1.1" 500 25
[2025-07-19 12:10:35] ERROR django.request | Internal Server Error: /media/all-posts/
[2025-07-19 12:10:35] ERROR django.server | "GET /media/all-posts/?page=5 HTTP/1.1" 500 25
[2025-07-19 12:10:36] ERROR django.request | Internal Server Error: /media/all-posts/
[2025-07-19 12:10:36] ERROR django.server | "GET /media/all-posts/?page=5 HTTP/1.1" 500 25
[2025-07-19 12:10:36] ERROR django.request | Internal Server Error: /media/all-posts/
[2025-07-19 12:10:36] ERROR django.server | "GET /media/all-posts/?page=5 HTTP/1.1" 500 25
[2025-07-19 12:10:36] ERROR django.request | Internal Server Error: /media/all-posts/
[2025-07-19 12:10:36] ERROR django.server | "GET /media/all-posts/?page=5 HTTP/1.1" 500 25
[2025-07-19 12:10:50] WARNING django.request | Not Found: /profile/profile-view/harshdubey1198/
[2025-07-19 12:10:50] WARNING django.server | "POST /profile/profile-view/harshdubey1198/ HTTP/1.1" 404 12297
[2025-07-19 12:10:50] WARNING django.request | Bad Request: /media/profile-trending-posts/profile-id/null/
[2025-07-19 12:10:50] WARNING django.server | "GET /media/profile-trending-posts/profile-id/null/ HTTP/1.1" 400 73
[2025-07-19 12:10:50] WARNING django.request | Not Found: /profile/profile-view/harshdubey1198/
[2025-07-19 12:10:50] WARNING django.server | "POST /profile/profile-view/harshdubey1198/ HTTP/1.1" 404 12297
[2025-07-19 12:10:50] WARNING django.request | Bad Request: /media/profile-trending-posts/profile-id/null/
[2025-07-19 12:10:50] WARNING django.server | "GET /media/profile-trending-posts/profile-id/null/ HTTP/1.1" 400 73
[2025-07-19 12:11:21] WARNING django.request | Not Found: /profile/profile-view/Raj/
[2025-07-19 12:11:21] WARNING django.server | "POST /profile/profile-view/Raj/ HTTP/1.1" 404 12264
[2025-07-19 12:11:21] WARNING django.request | Not Found: /profile/profile-view/Raj/
[2025-07-19 12:11:21] WARNING django.server | "POST /profile/profile-view/Raj/ HTTP/1.1" 404 12264
[2025-07-19 12:11:21] WARNING django.request | Not Found: /profile/profile-detail/Raj/
[2025-07-19 12:11:21] WARNING django.server | "GET /profile/profile-detail/Raj/ HTTP/1.1" 404 64
[2025-07-19 12:11:21] WARNING django.request | Bad Request: /media/profile-trending-posts/profile-id/null/
[2025-07-19 12:11:21] WARNING django.server | "GET /media/profile-trending-posts/profile-id/null/ HTTP/1.1" 400 73
[2025-07-19 12:11:21] WARNING django.request | Bad Request: /media/profile-trending-posts/profile-id/null/
[2025-07-19 12:11:21] WARNING django.request | Not Found: /profile/profile-detail/Raj/
[2025-07-19 12:11:21] WARNING django.server | "GET /media/profile-trending-posts/profile-id/null/ HTTP/1.1" 400 73
[2025-07-19 12:11:21] WARNING django.server | "GET /profile/profile-detail/Raj/ HTTP/1.1" 404 64
[2025-07-19 12:11:52] WARNING django.request | Not Found: /profile/profile-view/Raj/
[2025-07-19 12:11:52] WARNING django.server | "POST /profile/profile-view/Raj/ HTTP/1.1" 404 12264
[2025-07-19 12:11:52] WARNING django.request | Not Found: /profile/profile-view/Raj/
[2025-07-19 12:11:52] WARNING django.request | Not Found: /profile/profile-detail/Raj/
[2025-07-19 12:11:52] WARNING django.server | "GET /profile/profile-detail/Raj/ HTTP/1.1" 404 64
[2025-07-19 12:11:52] WARNING django.server | "POST /profile/profile-view/Raj/ HTTP/1.1" 404 12264
[2025-07-19 12:11:52] WARNING django.request | Bad Request: /media/profile-trending-posts/profile-id/null/
[2025-07-19 12:11:52] WARNING django.server | "GET /media/profile-trending-posts/profile-id/null/ HTTP/1.1" 400 73
[2025-07-19 12:11:52] WARNING django.request | Bad Request: /media/profile-trending-posts/profile-id/null/
[2025-07-19 12:11:52] WARNING django.server | "GET /media/profile-trending-posts/profile-id/null/ HTTP/1.1" 400 73
[2025-07-19 12:11:52] WARNING django.request | Not Found: /profile/profile-detail/Raj/
[2025-07-19 12:11:52] WARNING django.server | "GET /profile/profile-detail/Raj/ HTTP/1.1" 404 64
[2025-07-19 12:12:15] WARNING django.request | Not Found: /profile/profile-view/raj/
[2025-07-19 12:12:15] WARNING django.request | Not Found: /profile/profile-view/raj/
[2025-07-19 12:12:15] WARNING django.server | "POST /profile/profile-view/raj/ HTTP/1.1" 404 12264
[2025-07-19 12:12:15] WARNING django.server | "POST /profile/profile-view/raj/ HTTP/1.1" 404 12264
[2025-07-19 12:12:15] WARNING django.request | Bad Request: /media/profile-trending-posts/profile-id/null/
[2025-07-19 12:12:15] WARNING django.server | "GET /media/profile-trending-posts/profile-id/null/ HTTP/1.1" 400 73
[2025-07-19 12:12:15] WARNING django.request | Bad Request: /media/profile-trending-posts/profile-id/null/
[2025-07-19 12:12:15] WARNING django.server | "GET /media/profile-trending-posts/profile-id/null/ HTTP/1.1" 400 73
[2025-07-19 12:15:30] WARNING django.request | Not Found: /profile/profile-view/raj/
[2025-07-19 12:15:30] WARNING django.server | "POST /profile/profile-view/raj/ HTTP/1.1" 404 12264
[2025-07-19 12:15:30] WARNING django.request | Bad Request: /media/profile-trending-posts/profile-id/null/
[2025-07-19 12:15:30] WARNING django.server | "GET /media/profile-trending-posts/profile-id/null/ HTTP/1.1" 400 73
[2025-07-19 12:15:30] WARNING django.request | Not Found: /profile/profile-view/raj/
[2025-07-19 12:15:30] WARNING django.server | "POST /profile/profile-view/raj/ HTTP/1.1" 404 12264
[2025-07-19 12:15:30] WARNING django.request | Bad Request: /media/profile-trending-posts/profile-id/null/
[2025-07-19 12:15:30] WARNING django.server | "GET /media/profile-trending-posts/profile-id/null/ HTTP/1.1" 400 73
[2025-07-19 12:18:16] WARNING django.request | Bad Request: /media/profile-trending-posts/profile-id/null/
[2025-07-19 12:18:16] WARNING django.server | "GET /media/profile-trending-posts/profile-id/null/ HTTP/1.1" 400 73
[2025-07-19 12:18:16] WARNING django.request | Not Found: /profile/profile-view/raj/
[2025-07-19 12:18:16] WARNING django.server | "POST /profile/profile-view/raj/ HTTP/1.1" 404 12264
[2025-07-19 12:19:43] WARNING django.request | Not Found: /profile/profile-view/raj/
[2025-07-19 12:19:43] WARNING django.server | "POST /profile/profile-view/raj/ HTTP/1.1" 404 12264
[2025-07-19 12:19:43] WARNING django.request | Bad Request: /media/profile-trending-posts/profile-id/null/
[2025-07-19 12:19:43] WARNING django.server | "GET /media/profile-trending-posts/profile-id/null/ HTTP/1.1" 400 73
[2025-07-19 12:19:43] WARNING django.request | Not Found: /profile/profile-view/raj/
[2025-07-19 12:19:43] WARNING django.server | "POST /profile/profile-view/raj/ HTTP/1.1" 404 12264
[2025-07-19 12:19:43] WARNING django.request | Bad Request: /media/profile-trending-posts/profile-id/null/
[2025-07-19 12:19:43] WARNING django.server | "GET /media/profile-trending-posts/profile-id/null/ HTTP/1.1" 400 73
[2025-07-19 12:24:07] WARNING django.request | Not Found: /profile/profile-view/raj/
[2025-07-19 12:24:07] WARNING django.server | "POST /profile/profile-view/raj/ HTTP/1.1" 404 12264
[2025-07-19 12:24:07] WARNING django.request | Bad Request: /media/profile-trending-posts/profile-id/null/
[2025-07-19 12:24:07] WARNING django.server | "GET /media/profile-trending-posts/profile-id/null/ HTTP/1.1" 400 73
[2025-07-19 12:24:07] WARNING django.request | Not Found: /profile/profile-view/raj/
[2025-07-19 12:24:07] WARNING django.request | Bad Request: /media/profile-trending-posts/profile-id/null/
[2025-07-19 12:24:07] WARNING django.server | "POST /profile/profile-view/raj/ HTTP/1.1" 404 12264
[2025-07-19 12:24:07] WARNING django.server | "GET /media/profile-trending-posts/profile-id/null/ HTTP/1.1" 400 73
[2025-07-19 12:30:14] WARNING django.request | Not Found: /profile/profile-view/raj/
[2025-07-19 12:30:14] WARNING django.request | Not Found: /profile/profile-view/raj/
[2025-07-19 12:30:14] WARNING django.server | "POST /profile/profile-view/raj/ HTTP/1.1" 404 12264
[2025-07-19 12:30:14] WARNING django.server | "POST /profile/profile-view/raj/ HTTP/1.1" 404 12264
[2025-07-19 12:30:14] WARNING django.request | Bad Request: /media/profile-trending-posts/profile-id/null/
[2025-07-19 12:30:14] WARNING django.server | "GET /media/profile-trending-posts/profile-id/null/ HTTP/1.1" 400 73
[2025-07-19 12:30:14] WARNING django.request | Bad Request: /media/profile-trending-posts/profile-id/null/
[2025-07-19 12:30:14] WARNING django.server | "GET /media/profile-trending-posts/profile-id/null/ HTTP/1.1" 400 73
[2025-07-19 12:32:42] WARNING django.request | Not Found: /profile/profile-view/raj/
[2025-07-19 12:32:42] WARNING django.server | "POST /profile/profile-view/raj/ HTTP/1.1" 404 12264
[2025-07-19 12:32:42] WARNING django.request | Bad Request: /media/profile-trending-posts/profile-id/null/
[2025-07-19 12:32:42] WARNING django.server | "GET /media/profile-trending-posts/profile-id/null/ HTTP/1.1" 400 73
[2025-07-19 12:32:42] WARNING django.request | Not Found: /profile/profile-view/raj/
[2025-07-19 12:32:42] WARNING django.server | "POST /profile/profile-view/raj/ HTTP/1.1" 404 12264
[2025-07-19 12:32:42] WARNING django.request | Bad Request: /media/profile-trending-posts/profile-id/null/
[2025-07-19 12:32:42] WARNING django.server | "GET /media/profile-trending-posts/profile-id/null/ HTTP/1.1" 400 73
[2025-07-19 12:36:01] WARNING django.request | Bad Request: /profile/follow-profile/
[2025-07-19 12:36:01] WARNING django.server | "POST /profile/follow-profile/ HTTP/1.1" 400 56
[2025-07-19 12:36:14] WARNING django.request | Bad Request: /profile/follow-profile/
[2025-07-19 12:36:14] WARNING django.server | "POST /profile/follow-profile/ HTTP/1.1" 400 56
[2025-07-19 12:36:19] WARNING django.request | Not Found: /profile/profile-view/raj/
[2025-07-19 12:36:19] WARNING django.server | "POST /profile/profile-view/raj/ HTTP/1.1" 404 12264
[2025-07-19 12:36:19] WARNING django.request | Bad Request: /media/profile-trending-posts/profile-id/null/
[2025-07-19 12:36:19] WARNING django.server | "GET /media/profile-trending-posts/profile-id/null/ HTTP/1.1" 400 73
[2025-07-19 12:36:19] WARNING django.request | Not Found: /profile/profile-view/raj/
[2025-07-19 12:36:19] WARNING django.server | "POST /profile/profile-view/raj/ HTTP/1.1" 404 12264
[2025-07-19 12:36:19] WARNING django.request | Bad Request: /media/profile-trending-posts/profile-id/null/
[2025-07-19 12:36:19] WARNING django.server | "GET /media/profile-trending-posts/profile-id/null/ HTTP/1.1" 400 73
[2025-07-19 12:37:30] WARNING django.request | Not Found: /profile/profile-view/raj/
[2025-07-19 12:37:30] WARNING django.server | "POST /profile/profile-view/raj/ HTTP/1.1" 404 12264
[2025-07-19 12:37:31] WARNING django.request | Bad Request: /media/profile-trending-posts/profile-id/null/
[2025-07-19 12:37:31] WARNING django.request | Bad Request: /media/profile-trending-posts/profile-id/null/
[2025-07-19 12:37:31] WARNING django.server | "GET /media/profile-trending-posts/profile-id/null/ HTTP/1.1" 400 73
[2025-07-19 12:37:31] WARNING django.request | Not Found: /profile/profile-view/raj/
[2025-07-19 12:37:31] WARNING django.server | "GET /media/profile-trending-posts/profile-id/null/ HTTP/1.1" 400 73
[2025-07-19 12:37:31] WARNING django.server | "POST /profile/profile-view/raj/ HTTP/1.1" 404 12264
[2025-07-19 12:37:49] WARNING django.request | Bad Request: /profile/follow-profile/
[2025-07-19 12:37:49] WARNING django.server | "POST /profile/follow-profile/ HTTP/1.1" 400 56
[2025-07-19 12:39:12] WARNING django.request | Bad Request: /profile/follow-profile/
[2025-07-19 12:39:12] WARNING django.server | "POST /profile/follow-profile/ HTTP/1.1" 400 68
[2025-07-19 12:39:16] WARNING django.request | Bad Request: /profile/follow-profile/
[2025-07-19 12:39:16] WARNING django.server | "POST /profile/follow-profile/ HTTP/1.1" 400 68
[2025-07-19 12:44:19] WARNING django.request | Not Found: /profile/profile-view/raj/
[2025-07-19 12:44:19] WARNING django.server | "POST /profile/profile-view/raj/ HTTP/1.1" 404 12264
[2025-07-19 12:44:19] WARNING django.request | Bad Request: /media/profile-trending-posts/profile-id/null/
[2025-07-19 12:44:19] WARNING django.server | "GET /media/profile-trending-posts/profile-id/null/ HTTP/1.1" 400 73
[2025-07-19 12:44:19] WARNING django.request | Not Found: /profile/profile-view/raj/
[2025-07-19 12:44:19] WARNING django.server | "POST /profile/profile-view/raj/ HTTP/1.1" 404 12264
[2025-07-19 12:44:19] WARNING django.request | Bad Request: /media/profile-trending-posts/profile-id/null/
[2025-07-19 12:44:19] WARNING django.server | "GET /media/profile-trending-posts/profile-id/null/ HTTP/1.1" 400 73
[2025-07-19 12:45:16] WARNING django.request | Not Found: /profile/profile-view/raj/
[2025-07-19 12:45:16] WARNING django.server | "POST /profile/profile-view/raj/ HTTP/1.1" 404 12264
[2025-07-19 12:45:16] WARNING django.request | Not Found: /profile/profile-view/raj/
[2025-07-19 12:45:16] WARNING django.request | Bad Request: /media/profile-trending-posts/profile-id/null/
[2025-07-19 12:45:16] WARNING django.server | "POST /profile/profile-view/raj/ HTTP/1.1" 404 12264
[2025-07-19 12:45:16] WARNING django.server | "GET /media/profile-trending-posts/profile-id/null/ HTTP/1.1" 400 73
[2025-07-19 12:45:16] WARNING django.request | Bad Request: /media/profile-trending-posts/profile-id/null/
[2025-07-19 12:45:16] WARNING django.server | "GET /media/profile-trending-posts/profile-id/null/ HTTP/1.1" 400 73
[2025-07-19 12:46:01] WARNING django.request | Not Found: /profile/profile-view/raj/
[2025-07-19 12:46:01] WARNING django.server | "POST /profile/profile-view/raj/ HTTP/1.1" 404 12264
[2025-07-19 12:46:01] WARNING django.request | Bad Request: /media/profile-trending-posts/profile-id/null/
[2025-07-19 12:46:02] WARNING django.request | Not Found: /profile/profile-view/raj/
[2025-07-19 12:46:02] WARNING django.server | "GET /media/profile-trending-posts/profile-id/null/ HTTP/1.1" 400 73
[2025-07-19 12:46:02] WARNING django.server | "POST /profile/profile-view/raj/ HTTP/1.1" 404 12264
[2025-07-19 12:46:02] WARNING django.request | Bad Request: /media/profile-trending-posts/profile-id/null/
[2025-07-19 12:46:02] WARNING django.server | "GET /media/profile-trending-posts/profile-id/null/ HTTP/1.1" 400 73
[2025-07-19 12:46:42] WARNING django.request | Not Found: /profile/profile-view/raj/
[2025-07-19 12:46:42] WARNING django.server | "POST /profile/profile-view/raj/ HTTP/1.1" 404 12264
[2025-07-19 12:46:43] WARNING django.request | Bad Request: /media/profile-trending-posts/profile-id/null/
[2025-07-19 12:46:43] WARNING django.server | "GET /media/profile-trending-posts/profile-id/null/ HTTP/1.1" 400 73
[2025-07-19 12:46:43] WARNING django.request | Not Found: /profile/profile-view/raj/
[2025-07-19 12:46:43] WARNING django.server | "POST /profile/profile-view/raj/ HTTP/1.1" 404 12264
[2025-07-19 12:46:43] WARNING django.request | Bad Request: /media/profile-trending-posts/profile-id/null/
[2025-07-19 12:46:43] WARNING django.server | "GET /media/profile-trending-posts/profile-id/null/ HTTP/1.1" 400 73
[2025-07-19 12:48:14] WARNING django.request | Not Found: /profile/profile-view/raj/
[2025-07-19 12:48:14] WARNING django.request | Bad Request: /media/profile-trending-posts/profile-id/null/
[2025-07-19 12:48:14] WARNING django.server | "POST /profile/profile-view/raj/ HTTP/1.1" 404 12264
[2025-07-19 12:48:14] WARNING django.server | "GET /media/profile-trending-posts/profile-id/null/ HTTP/1.1" 400 73
[2025-07-19 12:48:14] WARNING django.request | Not Found: /profile/profile-view/raj/
[2025-07-19 12:48:14] WARNING django.server | "POST /profile/profile-view/raj/ HTTP/1.1" 404 12264
[2025-07-19 12:48:14] WARNING django.request | Bad Request: /media/profile-trending-posts/profile-id/null/
[2025-07-19 12:48:14] WARNING django.server | "GET /media/profile-trending-posts/profile-id/null/ HTTP/1.1" 400 73
[2025-07-19 12:50:46] WARNING django.request | Not Found: /profile/profile-view/raj/
[2025-07-19 12:50:46] WARNING django.server | "POST /profile/profile-view/raj/ HTTP/1.1" 404 12264
[2025-07-19 12:50:46] WARNING django.request | Not Found: /profile/profile-view/raj/
[2025-07-19 12:50:46] WARNING django.server | "POST /profile/profile-view/raj/ HTTP/1.1" 404 12264
[2025-07-19 12:50:46] WARNING django.request | Bad Request: /media/profile-trending-posts/profile-id/null/
[2025-07-19 12:50:46] WARNING django.request | Bad Request: /media/profile-trending-posts/profile-id/null/
[2025-07-19 12:50:46] WARNING django.server | "GET /media/profile-trending-posts/profile-id/null/ HTTP/1.1" 400 73
[2025-07-19 12:50:46] WARNING django.server | "GET /media/profile-trending-posts/profile-id/null/ HTTP/1.1" 400 73
[2025-07-19 12:51:32] WARNING django.request | Not Found: /profile/profile-view/raj/
[2025-07-19 12:51:32] WARNING django.server | "POST /profile/profile-view/raj/ HTTP/1.1" 404 12264
[2025-07-19 12:51:32] WARNING django.request | Bad Request: /media/profile-trending-posts/profile-id/null/
[2025-07-19 12:51:32] WARNING django.server | "GET /media/profile-trending-posts/profile-id/null/ HTTP/1.1" 400 73
[2025-07-19 12:51:32] WARNING django.request | Not Found: /profile/profile-view/raj/
[2025-07-19 12:51:32] WARNING django.server | "POST /profile/profile-view/raj/ HTTP/1.1" 404 12264
[2025-07-19 12:51:32] WARNING django.request | Bad Request: /media/profile-trending-posts/profile-id/null/
[2025-07-19 12:51:32] WARNING django.server | "GET /media/profile-trending-posts/profile-id/null/ HTTP/1.1" 400 73
[2025-07-19 12:52:41] WARNING django.request | Not Found: /profile/profile-view/raj/
[2025-07-19 12:52:41] WARNING django.server | "POST /profile/profile-view/raj/ HTTP/1.1" 404 12264
[2025-07-19 12:52:41] WARNING django.request | Bad Request: /media/profile-trending-posts/profile-id/null/
[2025-07-19 12:52:41] WARNING django.server | "GET /media/profile-trending-posts/profile-id/null/ HTTP/1.1" 400 73
[2025-07-19 12:52:41] WARNING django.request | Not Found: /profile/profile-view/raj/
[2025-07-19 12:52:41] WARNING django.server | "POST /profile/profile-view/raj/ HTTP/1.1" 404 12264
[2025-07-19 12:52:41] WARNING django.request | Bad Request: /media/profile-trending-posts/profile-id/null/
[2025-07-19 12:52:41] WARNING django.server | "GET /media/profile-trending-posts/profile-id/null/ HTTP/1.1" 400 73
[2025-07-19 12:53:20] WARNING django.request | Not Found: /favicon.ico
[2025-07-19 12:53:20] WARNING django.server | "GET /favicon.ico HTTP/1.1" 404 3580
[2025-07-19 12:53:31] WARNING django.request | Not Found: /profile/profile-view/raj/
[2025-07-19 12:53:31] WARNING django.server | "POST /profile/profile-view/raj/ HTTP/1.1" 404 12264
[2025-07-19 12:53:31] WARNING django.request | Bad Request: /media/profile-trending-posts/profile-id/null/
[2025-07-19 12:53:31] WARNING django.request | Not Found: /profile/profile-view/raj/
[2025-07-19 12:53:31] WARNING django.server | "POST /profile/profile-view/raj/ HTTP/1.1" 404 12264
[2025-07-19 12:53:31] WARNING django.server | "GET /media/profile-trending-posts/profile-id/null/ HTTP/1.1" 400 73
[2025-07-19 12:53:31] WARNING django.request | Bad Request: /media/profile-trending-posts/profile-id/null/
[2025-07-19 12:53:31] WARNING django.server | "GET /media/profile-trending-posts/profile-id/null/ HTTP/1.1" 400 73
[2025-07-19 12:54:33] WARNING django.request | Bad Request: /media/profile-trending-posts/profile-id/null/
[2025-07-19 12:54:33] WARNING django.server | "GET /media/profile-trending-posts/profile-id/null/ HTTP/1.1" 400 73
[2025-07-19 12:54:33] WARNING django.request | Not Found: /profile/profile-view/raj/
[2025-07-19 12:54:33] WARNING django.request | Bad Request: /media/profile-trending-posts/profile-id/null/
[2025-07-19 12:54:33] WARNING django.server | "GET /media/profile-trending-posts/profile-id/null/ HTTP/1.1" 400 73
[2025-07-19 12:54:33] WARNING django.server | "POST /profile/profile-view/raj/ HTTP/1.1" 404 12264
[2025-07-19 12:54:33] WARNING django.request | Not Found: /profile/profile-view/raj/
[2025-07-19 12:54:33] WARNING django.server | "POST /profile/profile-view/raj/ HTTP/1.1" 404 12264
[2025-07-19 12:55:20] WARNING django.request | Not Found: /profile/profile-view/raj/
[2025-07-19 12:55:20] WARNING django.server | "POST /profile/profile-view/raj/ HTTP/1.1" 404 12264
[2025-07-19 12:55:20] WARNING django.request | Bad Request: /media/profile-trending-posts/profile-id/null/
[2025-07-19 12:55:20] WARNING django.server | "GET /media/profile-trending-posts/profile-id/null/ HTTP/1.1" 400 73
[2025-07-19 12:55:21] WARNING django.request | Not Found: /profile/profile-view/raj/
[2025-07-19 12:55:21] WARNING django.server | "POST /profile/profile-view/raj/ HTTP/1.1" 404 12264
[2025-07-19 12:55:21] WARNING django.request | Bad Request: /media/profile-trending-posts/profile-id/null/
[2025-07-19 12:55:21] WARNING django.server | "GET /media/profile-trending-posts/profile-id/null/ HTTP/1.1" 400 73
[2025-07-19 12:56:53] WARNING django.request | Not Found: /profile/profile-view/raj/
[2025-07-19 12:56:53] WARNING django.server | "POST /profile/profile-view/raj/ HTTP/1.1" 404 12264
[2025-07-19 12:56:53] WARNING django.request | Not Found: /profile/profile-view/raj/
[2025-07-19 12:56:53] WARNING django.server | "POST /profile/profile-view/raj/ HTTP/1.1" 404 12264
[2025-07-19 12:56:53] WARNING django.request | Bad Request: /media/profile-trending-posts/profile-id/null/
[2025-07-19 12:56:53] WARNING django.server | "GET /media/profile-trending-posts/profile-id/null/ HTTP/1.1" 400 73
[2025-07-19 12:56:54] WARNING django.request | Bad Request: /media/profile-trending-posts/profile-id/null/
[2025-07-19 12:56:54] WARNING django.server | "GET /media/profile-trending-posts/profile-id/null/ HTTP/1.1" 400 73
[2025-07-19 12:57:28] WARNING django.request | Not Found: /profile/profile-view/raj/
[2025-07-19 12:57:28] WARNING django.server | "POST /profile/profile-view/raj/ HTTP/1.1" 404 12264
[2025-07-19 12:57:28] WARNING django.request | Not Found: /profile/profile-view/raj/
[2025-07-19 12:57:28] WARNING django.server | "POST /profile/profile-view/raj/ HTTP/1.1" 404 12264
[2025-07-19 12:59:36] WARNING django.request | Not Found: /profile/profile-view/raj/
[2025-07-19 12:59:36] WARNING django.request | Not Found: /profile/profile-view/raj/
[2025-07-19 12:59:36] WARNING django.server | "POST /profile/profile-view/raj/ HTTP/1.1" 404 12264
[2025-07-19 12:59:36] WARNING django.server | "POST /profile/profile-view/raj/ HTTP/1.1" 404 12264
[2025-07-19 12:59:37] WARNING django.request | Bad Request: /media/profile-trending-posts/profile-id/null/
[2025-07-19 12:59:37] WARNING django.server | "GET /media/profile-trending-posts/profile-id/null/ HTTP/1.1" 400 73
[2025-07-19 12:59:37] WARNING django.request | Bad Request: /media/profile-trending-posts/profile-id/null/
[2025-07-19 12:59:37] WARNING django.server | "GET /media/profile-trending-posts/profile-id/null/ HTTP/1.1" 400 73
[2025-07-19 12:59:40] WARNING django.request | Not Found: /profile/profile-view/raj/
[2025-07-19 12:59:40] WARNING django.server | "POST /profile/profile-view/raj/ HTTP/1.1" 404 12264
[2025-07-19 12:59:40] WARNING django.request | Not Found: /profile/profile-view/raj/
[2025-07-19 12:59:40] WARNING django.request | Bad Request: /media/profile-trending-posts/profile-id/null/
[2025-07-19 12:59:40] WARNING django.server | "POST /profile/profile-view/raj/ HTTP/1.1" 404 12264
[2025-07-19 12:59:40] WARNING django.server | "GET /media/profile-trending-posts/profile-id/null/ HTTP/1.1" 400 73
[2025-07-19 12:59:40] WARNING django.request | Bad Request: /media/profile-trending-posts/profile-id/null/
[2025-07-19 12:59:40] WARNING django.server | "GET /media/profile-trending-posts/profile-id/null/ HTTP/1.1" 400 73
[2025-07-19 13:04:13] WARNING django.request | Bad Request: /profile/follow-profile/
[2025-07-19 13:04:13] WARNING django.server | "POST /profile/follow-profile/ HTTP/1.1" 400 68
[2025-07-19 13:04:51] WARNING django.request | Bad Request: /profile/follow-profile/
[2025-07-19 13:04:51] WARNING django.server | "POST /profile/follow-profile/ HTTP/1.1" 400 68
[2025-07-19 13:06:03] WARNING django.request | Bad Request: /profile/follow-profile/
[2025-07-19 13:06:03] WARNING django.server | "POST /profile/follow-profile/ HTTP/1.1" 400 68
[2025-07-19 13:09:54] WARNING django.request | Bad Request: /profile/follow-profile/
[2025-07-19 13:09:54] WARNING django.server | "POST /profile/follow-profile/ HTTP/1.1" 400 68
[2025-07-19 13:13:23] WARNING django.request | Bad Request: /profile/follow-profile/
[2025-07-19 13:13:23] WARNING django.server | "POST /profile/follow-profile/ HTTP/1.1" 400 68
[2025-07-19 13:13:33] WARNING django.request | Bad Request: /profile/follow-profile/
[2025-07-19 13:13:33] WARNING django.server | "POST /profile/follow-profile/ HTTP/1.1" 400 68
[2025-07-19 13:14:41] WARNING django.request | Bad Request: /profile/follow-profile/
[2025-07-19 13:14:41] WARNING django.server | "POST /profile/follow-profile/ HTTP/1.1" 400 68
[2025-07-19 13:15:15] WARNING django.request | Not Found: /profile/profile-view/raj/
[2025-07-19 13:15:15] WARNING django.server | "POST /profile/profile-view/raj/ HTTP/1.1" 404 12264
[2025-07-19 13:15:15] WARNING django.request | Bad Request: /media/profile-trending-posts/profile-id/null/
[2025-07-19 13:15:15] WARNING django.server | "GET /media/profile-trending-posts/profile-id/null/ HTTP/1.1" 400 73
[2025-07-19 13:15:15] WARNING django.request | Bad Request: /media/profile-trending-posts/profile-id/null/
[2025-07-19 13:15:15] WARNING django.server | "GET /media/profile-trending-posts/profile-id/null/ HTTP/1.1" 400 73
[2025-07-19 13:15:15] WARNING django.request | Not Found: /profile/profile-view/raj/
[2025-07-19 13:15:15] WARNING django.server | "POST /profile/profile-view/raj/ HTTP/1.1" 404 12264
[2025-07-19 13:22:19] WARNING django.request | Not Found: /profile/profile-view/raj/
[2025-07-19 13:22:19] WARNING django.server | "POST /profile/profile-view/raj/ HTTP/1.1" 404 12264
[2025-07-19 13:22:19] WARNING django.request | Bad Request: /media/profile-trending-posts/profile-id/null/
[2025-07-19 13:22:19] WARNING django.server | "GET /media/profile-trending-posts/profile-id/null/ HTTP/1.1" 400 73
[2025-07-19 13:22:20] WARNING django.request | Bad Request: /media/profile-trending-posts/profile-id/null/
[2025-07-19 13:22:20] WARNING django.server | "GET /media/profile-trending-posts/profile-id/null/ HTTP/1.1" 400 73
[2025-07-19 13:22:20] WARNING django.request | Not Found: /profile/profile-view/raj/
[2025-07-19 13:22:20] WARNING django.server | "POST /profile/profile-view/raj/ HTTP/1.1" 404 12264
[2025-07-19 13:22:23] WARNING django.request | Not Found: /profile/profile-view/raj/
[2025-07-19 13:22:23] WARNING django.server | "POST /profile/profile-view/raj/ HTTP/1.1" 404 12264
[2025-07-19 13:22:24] WARNING django.request | Bad Request: /media/profile-trending-posts/profile-id/null/
[2025-07-19 13:22:24] WARNING django.server | "GET /media/profile-trending-posts/profile-id/null/ HTTP/1.1" 400 73
[2025-07-19 13:22:24] WARNING django.request | Bad Request: /media/profile-trending-posts/profile-id/null/
[2025-07-19 13:22:24] WARNING django.server | "GET /media/profile-trending-posts/profile-id/null/ HTTP/1.1" 400 73
[2025-07-19 13:22:24] WARNING django.request | Not Found: /profile/profile-view/raj/
[2025-07-19 13:22:24] WARNING django.server | "POST /profile/profile-view/raj/ HTTP/1.1" 404 12264
[2025-07-19 13:28:23] WARNING django.request | Not Found: /profile/profile-view/raj/
[2025-07-19 13:28:23] WARNING django.request | Not Found: /profile/profile-view/raj/
[2025-07-19 13:28:23] WARNING django.request | Bad Request: /media/profile-trending-posts/profile-id/null/
[2025-07-19 13:28:23] WARNING django.server | "POST /profile/profile-view/raj/ HTTP/1.1" 404 12264
[2025-07-19 13:28:23] WARNING django.server | "POST /profile/profile-view/raj/ HTTP/1.1" 404 12264
[2025-07-19 13:28:23] WARNING django.server | "GET /media/profile-trending-posts/profile-id/null/ HTTP/1.1" 400 73
[2025-07-19 13:28:23] WARNING django.request | Bad Request: /media/profile-trending-posts/profile-id/null/
[2025-07-19 13:28:23] WARNING django.server | "GET /media/profile-trending-posts/profile-id/null/ HTTP/1.1" 400 73
[2025-07-19 13:29:02] WARNING django.request | Not Found: /profile/profile-view/raj/
[2025-07-19 13:29:02] WARNING django.request | Not Found: /profile/profile-view/raj/
[2025-07-19 13:29:02] WARNING django.server | "POST /profile/profile-view/raj/ HTTP/1.1" 404 12264
[2025-07-19 13:29:02] WARNING django.server | "POST /profile/profile-view/raj/ HTTP/1.1" 404 12264
[2025-07-19 13:29:02] WARNING django.request | Bad Request: /media/profile-trending-posts/profile-id/null/
[2025-07-19 13:29:02] WARNING django.server | "GET /media/profile-trending-posts/profile-id/null/ HTTP/1.1" 400 73
[2025-07-19 13:29:02] WARNING django.request | Bad Request: /media/profile-trending-posts/profile-id/null/
[2025-07-19 13:29:02] WARNING django.server | "GET /media/profile-trending-posts/profile-id/null/ HTTP/1.1" 400 73
[2025-07-19 13:30:58] WARNING django.request | Not Found: /profile/profile-view/raj/
[2025-07-19 13:30:58] WARNING django.server | "POST /profile/profile-view/raj/ HTTP/1.1" 404 12264
[2025-07-19 13:30:58] WARNING django.request | Bad Request: /media/profile-trending-posts/profile-id/null/
[2025-07-19 13:30:58] WARNING django.server | "GET /media/profile-trending-posts/profile-id/null/ HTTP/1.1" 400 73
[2025-07-19 13:30:58] WARNING django.request | Bad Request: /media/profile-trending-posts/profile-id/null/
[2025-07-19 13:30:58] WARNING django.request | Not Found: /profile/profile-view/raj/
[2025-07-19 13:30:58] WARNING django.server | "GET /media/profile-trending-posts/profile-id/null/ HTTP/1.1" 400 73
[2025-07-19 13:30:58] WARNING django.server | "POST /profile/profile-view/raj/ HTTP/1.1" 404 12264
[2025-07-19 13:31:22] WARNING django.request | Not Found: /profile/profile-view/raj/
[2025-07-19 13:31:22] WARNING django.request | Not Found: /profile/profile-view/raj/
[2025-07-19 13:31:22] WARNING django.server | "POST /profile/profile-view/raj/ HTTP/1.1" 404 12264
[2025-07-19 13:31:22] WARNING django.server | "POST /profile/profile-view/raj/ HTTP/1.1" 404 12264
[2025-07-19 13:31:22] WARNING django.request | Bad Request: /media/profile-trending-posts/profile-id/null/
[2025-07-19 13:31:22] WARNING django.server | "GET /media/profile-trending-posts/profile-id/null/ HTTP/1.1" 400 73
[2025-07-19 13:31:22] WARNING django.request | Bad Request: /media/profile-trending-posts/profile-id/null/
[2025-07-19 13:31:22] WARNING django.server | "GET /media/profile-trending-posts/profile-id/null/ HTTP/1.1" 400 73
[2025-07-19 13:31:25] WARNING django.request | Not Found: /profile/profile-view/harshdubey1198/
[2025-07-19 13:31:25] WARNING django.server | "POST /profile/profile-view/harshdubey1198/ HTTP/1.1" 404 12297
[2025-07-19 13:42:49] WARNING django.request | Bad Request: /media/profile-trending-posts/profile-id/null/
[2025-07-19 13:42:49] WARNING django.server | "GET /media/profile-trending-posts/profile-id/null/ HTTP/1.1" 400 73
[2025-07-19 13:42:49] WARNING django.request | Not Found: /profile/profile-view/raj/
[2025-07-19 13:42:49] WARNING django.request | Not Found: /profile/profile-view/raj/
[2025-07-19 13:42:49] WARNING django.server | "POST /profile/profile-view/raj/ HTTP/1.1" 404 12264
[2025-07-19 13:42:49] WARNING django.server | "POST /profile/profile-view/raj/ HTTP/1.1" 404 12264
[2025-07-19 13:42:49] WARNING django.request | Bad Request: /media/profile-trending-posts/profile-id/null/
[2025-07-19 13:42:49] WARNING django.server | "GET /media/profile-trending-posts/profile-id/null/ HTTP/1.1" 400 73
[2025-07-19 15:05:27] WARNING django.request | Not Found: /profile/profile-view/rajiv/
[2025-07-19 15:05:27] WARNING django.server | "POST /profile/profile-view/rajiv/ HTTP/1.1" 404 12270
[2025-07-19 15:05:27] WARNING django.request | Bad Request: /media/profile-trending-posts/profile-id/null/
[2025-07-19 15:05:27] WARNING django.server | "GET /media/profile-trending-posts/profile-id/null/ HTTP/1.1" 400 73
[2025-07-19 15:05:27] WARNING django.request | Bad Request: /media/profile-trending-posts/profile-id/null/
[2025-07-19 15:05:27] WARNING django.server | "GET /media/profile-trending-posts/profile-id/null/ HTTP/1.1" 400 73
[2025-07-19 15:05:27] WARNING django.request | Not Found: /profile/profile-view/rajiv/
[2025-07-19 15:05:27] WARNING django.server | "POST /profile/profile-view/rajiv/ HTTP/1.1" 404 12270
[2025-07-19 17:10:51] WARNING django.request | Bad Request: /profile/profile/harshdubey1198/
[2025-07-19 17:10:51] WARNING django.request | Bad Request: /profile/profile/rajiv/
[2025-07-19 17:10:51] WARNING django.request | Bad Request: /profile/profile/raj/
[2025-07-19 17:10:51] WARNING django.request | Bad Request: /profile/profile/Raj/
[2025-07-19 17:10:52] WARNING django.server | "GET /profile/profile/harshdubey1198/ HTTP/1.1" 400 83
[2025-07-19 17:10:52] WARNING django.server | "GET /profile/profile/rajiv/ HTTP/1.1" 400 74
[2025-07-19 17:10:52] WARNING django.server | "GET /profile/profile/raj/ HTTP/1.1" 400 72
[2025-07-19 17:10:52] WARNING django.server | "GET /profile/profile/Raj/ HTTP/1.1" 400 72
[2025-07-19 17:18:22] ERROR django.request | Internal Server Error: /ai/art/describe/
[2025-07-19 17:18:23] ERROR django.server | "POST /ai/art/describe/ HTTP/1.1" 500 71
[2025-07-19 17:29:24] WARNING django.request | Not Found: /favicon.ico
[2025-07-19 17:29:24] WARNING django.server | "GET /favicon.ico HTTP/1.1" 404 3580
[2025-07-19 17:42:17] ERROR django.request | Internal Server Error: /media/reactions/10/
[2025-07-19 17:42:17] ERROR django.server | "POST /media/reactions/10/ HTTP/1.1" 500 146
[2025-07-19 17:42:23] ERROR django.request | Internal Server Error: /media/reactions/10/
[2025-07-19 17:42:23] ERROR django.server | "POST /media/reactions/10/ HTTP/1.1" 500 146
[2025-07-19 17:42:32] ERROR django.request | Internal Server Error: /media/reactions/10/
[2025-07-19 17:42:32] ERROR django.server | "POST /media/reactions/10/ HTTP/1.1" 500 146
[2025-07-19 17:57:03] ERROR django.request | Internal Server Error: /ai/art/describe/
[2025-07-19 17:57:03] ERROR django.server | "POST /ai/art/describe/ HTTP/1.1" 500 71
[2025-07-19 17:57:23] ERROR django.request | Internal Server Error: /media/post/
[2025-07-19 17:57:23] ERROR django.server | "POST /media/post/ HTTP/1.1" 500 146
[2025-07-21 10:31:03] WARNING django.request | Not Found: /favicon.ico
[2025-07-21 10:31:03] WARNING django.server | "GET /favicon.ico HTTP/1.1" 404 3580
[2025-07-21 12:51:24] WARNING django.request | Bad Request: /event/create/
[2025-07-21 12:51:24] WARNING django.server | "POST //event/create/ HTTP/1.1" 400 191
[2025-07-21 12:51:42] WARNING django.request | Bad Request: /event/create/
[2025-07-21 12:51:42] WARNING django.server | "POST //event/create/ HTTP/1.1" 400 191
[2025-07-21 13:29:01] WARNING django.request | Bad Request: /event/create/
[2025-07-21 13:29:01] WARNING django.server | "POST /event/create/ HTTP/1.1" 400 91
[2025-07-21 13:30:19] WARNING django.request | Bad Request: /event/create/
[2025-07-21 13:30:19] WARNING django.server | "POST /event/create/ HTTP/1.1" 400 91
[2025-07-21 13:32:18] WARNING django.request | Bad Request: /event/create/
[2025-07-21 13:32:18] WARNING django.server | "POST /event/create/ HTTP/1.1" 400 91
[2025-07-21 13:32:40] WARNING django.request | Bad Request: /event/create/
[2025-07-21 13:32:40] WARNING django.server | "POST /event/create/ HTTP/1.1" 400 91
[2025-07-21 13:32:51] WARNING django.request | Bad Request: /event/create/
[2025-07-21 13:32:51] WARNING django.server | "POST /event/create/ HTTP/1.1" 400 91
[2025-07-21 13:35:40] WARNING django.request | Not Found: /favicon.ico
[2025-07-21 13:35:40] WARNING django.server | "GET /favicon.ico HTTP/1.1" 404 3580
[2025-07-21 13:43:15] WARNING django.request | Bad Request: /event/create/
[2025-07-21 13:43:15] WARNING django.server | "POST /event/create/ HTTP/1.1" 400 86
[2025-07-21 15:39:53] ERROR django.request | Internal Server Error: /media/posts-comments/8/
[2025-07-21 15:39:53] ERROR django.server | "POST /media/posts-comments/8/ HTTP/1.1" 500 146
